build/outputs/logs/manifest-merger-debug-report.txt
-- Merging decision tree log ---
manifest
ADDED from Android Studio Projects\NovaLauncher-S8-IconPack\AndroidManifest.xml:2:1-17:12
	package
		ADDED from Android Studio Projects\NovaLauncher-S8-IconPack\AndroidManifest.xml:3:7-36
	android:versionName
		ADDED from Android Studio Projects\NovaLauncher-S8-IconPack\AndroidManifest.xml:5:7-32
		INJECTED from Android Studio Projects\NovaLauncher-S8-IconPack\AndroidManifest.xml
		INJECTED from Android Studio Projects\NovaLauncher-S8-IconPack\AndroidManifest.xml
	android:versionCode
		ADDED from Android Studio Projects\NovaLauncher-S8-IconPack\AndroidManifest.xml:4:7-30
		INJECTED from Android Studio Projects\NovaLauncher-S8-IconPack\AndroidManifest.xml
		INJECTED from Android Studio Projects\NovaLauncher-S8-IconPack\AndroidManifest.xml
	xmlns:android
		ADDED from Android Studio Projects\NovaLauncher-S8-IconPack\AndroidManifest.xml:2:11-69
application
ADDED from Android Studio Projects\NovaLauncher-S8-IconPack\AndroidManifest.xml:7:5-16:19
	android:label
		ADDED from Android Studio Projects\NovaLauncher-S8-IconPack\AndroidManifest.xml:7:18-50
	android:allowBackup
		ADDED from Android Studio Projects\NovaLauncher-S8-IconPack\AndroidManifest.xml:7:115-142
	android:icon
		ADDED from Android Studio Projects\NovaLauncher-S8-IconPack\AndroidManifest.xml:7:51-87
	android:persistent
		ADDED from Android Studio Projects\NovaLauncher-S8-IconPack\AndroidManifest.xml:7:88-114
activity#es.infected.s8icons.MainActivity
ADDED from Android Studio Projects\NovaLauncher-S8-IconPack\AndroidManifest.xml:8:9-15:20
	android:theme
		ADDED from Android Studio Projects\NovaLauncher-S8-IconPack\AndroidManifest.xml:9:17-64
	android:name
		ADDED from Android Studio Projects\NovaLauncher-S8-IconPack\AndroidManifest.xml:8:19-66
intent-filter#android.intent.action.MAIN+android.intent.category.LAUNCHER+com.novalauncher.THEME
ADDED from Android Studio Projects\NovaLauncher-S8-IconPack\AndroidManifest.xml:10:13-14:29
action#android.intent.action.MAIN
ADDED from Android Studio Projects\NovaLauncher-S8-IconPack\AndroidManifest.xml:11:17-69
	android:name
		ADDED from Android Studio Projects\NovaLauncher-S8-IconPack\AndroidManifest.xml:11:25-66
category#android.intent.category.LAUNCHER
ADDED from Android Studio Projects\NovaLauncher-S8-IconPack\AndroidManifest.xml:12:17-77
	android:name
		ADDED from Android Studio Projects\NovaLauncher-S8-IconPack\AndroidManifest.xml:12:27-74
action#com.novalauncher.THEME
ADDED from Android Studio Projects\NovaLauncher-S8-IconPack\AndroidManifest.xml:13:17-65
	android:name
		ADDED from Android Studio Projects\NovaLauncher-S8-IconPack\AndroidManifest.xml:13:25-62
uses-sdk
INJECTED from Android Studio Projects\NovaLauncher-S8-IconPack\AndroidManifest.xml reason: use-sdk injection requested
	android:targetSdkVersion
		INJECTED from Android Studio Projects\NovaLauncher-S8-IconPack\AndroidManifest.xml
		INJECTED from Android Studio Projects\NovaLauncher-S8-IconPack\AndroidManifest.xml
	android:minSdkVersion
		INJECTED from Android Studio Projects\NovaLauncher-S8-IconPack\AndroidManifest.xml
		INJECTED from Android Studio Projects\NovaLauncher-S8-IconPack\AndroidManifest.xml